Buildfile: /home/mz0/ews2/bodgeit/build.xml

test:
    [junit] WARNING: multiple versions of ant detected in path for junit 
    [junit]          jar:file:/usr/share/ant/lib/ant.jar!/org/apache/tools/ant/Project.class
    [junit]      and jar:file:/home/mz0/ews2/bodgeit/lib/ant.jar!/org/apache/tools/ant/Project.class
    [junit] Running com.thebodgeitstore.selenium.tests.FunctionalTest
    [junit] Exception in thread "main" Unable to write output
    [junit] 	at org.apache.tools.ant.taskdefs.optional.junit.PlainJUnitResultFormatter.startTestSuite(PlainJUnitResultFormatter.java:110)
    [junit] 	at org.apache.tools.ant.taskdefs.optional.junit.JUnitTestRunner.fireStartTestSuite(JUnitTestRunner.java:835)
    [junit] 	at org.apache.tools.ant.taskdefs.optional.junit.JUnitTestRunner.run(JUnitTestRunner.java:522)
    [junit] 	at org.apache.tools.ant.taskdefs.optional.junit.JUnitTestRunner.launch(JUnitTestRunner.java:1182)
    [junit] 	at org.apache.tools.ant.taskdefs.optional.junit.JUnitTestRunner.main(JUnitTestRunner.java:1033)
    [junit] Caused by: java.io.FileNotFoundException: /home/mz0/ews2/bodgeit/build/tests/TEST-com.thebodgeitstore.selenium.tests.FunctionalTest.txt (No such file or directory)
    [junit] 	at java.io.FileOutputStream.open0(Native Method)
    [junit] 	at java.io.FileOutputStream.open(FileOutputStream.java:270)
    [junit] 	at java.io.FileOutputStream.<init>(FileOutputStream.java:213)
    [junit] 	at java.io.FileOutputStream.<init>(FileOutputStream.java:162)
    [junit] 	at org.apache.tools.ant.taskdefs.optional.junit.FormatterElement$DelayedFileOutputStream.write(FormatterElement.java:381)
    [junit] 	at java.io.OutputStream.write(OutputStream.java:116)
    [junit] 	at java.io.OutputStream.write(OutputStream.java:75)
    [junit] 	at org.apache.tools.ant.taskdefs.optional.junit.PlainJUnitResultFormatter.startTestSuite(PlainJUnitResultFormatter.java:107)
    [junit] 	... 4 more
    [junit] Testsuite: com.thebodgeitstore.selenium.tests.FunctionalTest
    [junit] Tests run: 1, Failures: 0, Errors: 1, Skipped: 0, Time elapsed: 0 sec
    [junit] 
    [junit] Testcase: BeforeFirstTest took 0.001 sec
    [junit] 	Caused an ERROR
    [junit] Forked Java VM exited abnormally. Please note the time in the report does not reflect the time until the VM exit.
    [junit] junit.framework.AssertionFailedError: Forked Java VM exited abnormally. Please note the time in the report does not reflect the time until the VM exit.
    [junit] 
    [junit] <?xml version="1.0" encoding="UTF-8" ?>
    [junit] <testsuite errors="1" failures="0" hostname="MS-7808" name="com.thebodgeitstore.selenium.tests.FunctionalTest" skipped="0" tests="1" time="0.0" timestamp="2015-11-21T18:37:28">
    [junit]   <properties>
    [junit]     <property name="ant.project.invoked-targets" value="test" />
    [junit]     <property name="java.runtime.name" value="Java(TM) SE Runtime Environment" />
    [junit]     <property name="sun.boot.library.path" value="/usr/lib/jvm/java-8-oracle/jre/lib/amd64" />
    [junit]     <property name="java.vm.version" value="25.66-b17" />
    [junit]     <property name="ant.library.dir" value="/usr/share/ant/lib" />
    [junit]     <property name="ant.version" value="Apache Ant(TM) version 1.9.6 compiled on July 8 2015" />
    [junit]     <property name="ant.java.version" value="1.8" />
    [junit]     <property name="java.vm.vendor" value="Oracle Corporation" />
    [junit]     <property name="java.vendor.url" value="http://java.oracle.com/" />
    [junit]     <property name="path.separator" value=":" />
    [junit]     <property name="java.vm.name" value="Java HotSpot(TM) 64-Bit Server VM" />
    [junit]     <property name="file.encoding.pkg" value="sun.io" />
    [junit]     <property name="user.country" value="US" />
    [junit]     <property name="sun.java.launcher" value="SUN_STANDARD" />
    [junit]     <property name="sun.os.patch.level" value="unknown" />
    [junit]     <property name="java.vm.specification.name" value="Java Virtual Machine Specification" />
    [junit]     <property name="user.dir" value="/home/mz0/ews2/bodgeit" />
    [junit]     <property name="java.runtime.version" value="1.8.0_66-b17" />
    [junit]     <property name="java.awt.graphicsenv" value="sun.awt.X11GraphicsEnvironment" />
    [junit]     <property name="basedir" value="/home/mz0/ews2/bodgeit" />
    [junit]     <property name="java.endorsed.dirs" value="/usr/lib/jvm/java-8-oracle/jre/lib/endorsed" />
    [junit]     <property name="os.arch" value="amd64" />
    [junit]     <property name="ant.project.default-target" value="compile" />
    [junit]     <property name="java.io.tmpdir" value="/tmp" />
    [junit]     <property name="ant.core.lib" value="/usr/share/ant/lib/ant.jar" />
    [junit]     <property name="line.separator" value="&#xa;" />
    [junit]     <property name="java.vm.specification.vendor" value="Oracle Corporation" />
    [junit]     <property name="os.name" value="Linux" />
    [junit]     <property name="ant.home" value="/usr/share/ant" />
    [junit]     <property name="zap.session" value="zapBo.session" />
    [junit]     <property name="sun.jnu.encoding" value="UTF-8" />
    [junit]     <property name="zap.targetApp" value="http://localhost:8080/bodgeit/" />
    [junit]     <property name="zap.addr" value="localhost" />
    [junit]     <property name="java.library.path" value="/usr/java/packages/lib/amd64:/usr/lib64:/lib64:/lib:/usr/lib" />
    [junit]     <property name="java.specification.name" value="Java Platform API Specification" />
    [junit]     <property name="java.class.version" value="52.0" />
    [junit]     <property name="sun.management.compiler" value="HotSpot 64-Bit Tiered Compilers" />
    [junit]     <property name="os.version" value="4.2.0-18-generic" />
    [junit]     <property name="zap.dir" value="/home/mz0/zap2" />
    [junit]     <property name="ant.file" value="/home/mz0/ews2/bodgeit/build.xml" />
    [junit]     <property name="zap.target" value="http://localhost:8080/" />
    [junit]     <property name="user.home" value="/home/mz0" />
    [junit]     <property name="user.timezone" value="" />
    [junit]     <property name="java.awt.printerjob" value="sun.print.PSPrinterJob" />
    [junit]     <property name="bodgeit.home" value="/home/mz0/ews2/bodgeit" />
    [junit]     <property name="java.specification.version" value="1.8" />
    [junit]     <property name="file.encoding" value="UTF-8" />
    [junit]     <property name="user.name" value="mz0" />
    [junit]     <property name="java.class.path" value="/usr/share/ant/lib/ant-launcher.jar:/usr/share/ant/lib/ant-antlr.jar:/usr/share/ant/lib/ant-jsch.jar:/usr/share/ant/lib/ant-apache-bcel.jar:/usr/share/ant/lib/ant-apache-regexp.jar:/usr/share/ant/lib/ant-jdepend.jar:/usr/share/ant/lib/ant-swing.jar:/usr/share/ant/lib/ant-apache-resolver.jar:/usr/share/ant/lib/ant-apache-log4j.jar:/usr/share/ant/lib/ant-apache-bsf.jar:/usr/share/ant/lib/ant-javamail.jar:/usr/share/ant/lib/ant-testutil.jar:/usr/share/ant/lib/ant-commons-logging.jar:/usr/share/ant/lib/ant-apache-xalan2.jar:/usr/share/ant/lib/ant.jar:/usr/share/ant/lib/ant-launcher.jar:/usr/share/ant/lib/ant-apache-oro.jar:/usr/share/ant/lib/ant-jmf.jar:/usr/share/ant/lib/ant-junit.jar:/usr/share/ant/lib/ant-commons-net.jar:/usr/share/ant/lib/ant-junit4.jar:/usr/lib/jvm/java-8-oracle/lib/tools.jar" />
    [junit]     <property name="zap.port" value="8090" />
    [junit]     <property name="java.vm.specification.version" value="1.8" />
    [junit]     <property name="java.home" value="/usr/lib/jvm/java-8-oracle/jre" />
    [junit]     <property name="sun.java.command" value="org.apache.tools.ant.launch.Launcher -cp  test" />
    [junit]     <property name="sun.arch.data.model" value="64" />
    [junit]     <property name="java.specification.vendor" value="Oracle Corporation" />
    [junit]     <property name="user.language" value="en" />
    [junit]     <property name="awt.toolkit" value="sun.awt.X11.XToolkit" />
    [junit]     <property name="java.vm.info" value="mixed mode" />
    [junit]     <property name="java.version" value="1.8.0_66" />
    [junit]     <property name="java.ext.dirs" value="/usr/lib/jvm/java-8-oracle/jre/lib/ext:/usr/java/packages/lib/ext" />
    [junit]     <property name="sun.boot.class.path" value="/usr/lib/jvm/java-8-oracle/jre/lib/resources.jar:/usr/lib/jvm/java-8-oracle/jre/lib/rt.jar:/usr/lib/jvm/java-8-oracle/jre/lib/sunrsasign.jar:/usr/lib/jvm/java-8-oracle/jre/lib/jsse.jar:/usr/lib/jvm/java-8-oracle/jre/lib/jce.jar:/usr/lib/jvm/java-8-oracle/jre/lib/charsets.jar:/usr/lib/jvm/java-8-oracle/jre/lib/jfr.jar:/usr/lib/jvm/java-8-oracle/jre/classes" />
    [junit]     <property name="java.vendor" value="Oracle Corporation" />
    [junit]     <property name="deploy.dir" value="/home/mz0/tomcat/webapps" />
    [junit]     <property name="file.separator" value="/" />
    [junit]     <property name="java.vendor.url.bug" value="http://bugreport.sun.com/bugreport/" />
    [junit]     <property name="sun.cpu.endian" value="little" />
    [junit]     <property name="sun.io.unicode.encoding" value="UnicodeLittle" />
    [junit]     <property name="ant.file.type" value="file" />
    [junit]     <property name="sun.desktop" value="gnome" />
    [junit]     <property name="sun.cpu.isalist" value="" />
    [junit]   </properties>
    [junit]   <testcase classname="com.thebodgeitstore.selenium.tests.FunctionalTest" name="BeforeFirstTest" time="0.0">
    [junit]     <error message="Forked Java VM exited abnormally. Please note the time in the report does not reflect the time until the VM exit." type="junit.framework.AssertionFailedError">junit.framework.AssertionFailedError: Forked Java VM exited abnormally. Please note the time in the report does not reflect the time until the VM exit.
    [junit] </error>
    [junit]   </testcase>
    [junit] </testsuite>
    [junit] Running com.thebodgeitstore.selenium.tests.FunctionalTest
    [junit] Tests run: 1, Failures: 0, Errors: 1, Skipped: 0, Time elapsed: 0 sec
    [junit] Test com.thebodgeitstore.selenium.tests.FunctionalTest FAILED (crashed)

BUILD SUCCESSFUL
Total time: 0 seconds
